Performing C SOURCE FILE Test CMAKE_HAVE_LIBC_PTHREAD failed with the following output:
Change Dir: /home/foxers/CLionProjects/phone/cmake-build-debug/CMakeFiles/CMakeTmp

Run Build Command(s):make cmTC_4f227/fast && make  -f CMakeFiles/cmTC_4f227.dir/build.make CMakeFiles/cmTC_4f227.dir/build
make[1]: вход в каталог «/home/foxers/CLionProjects/phone/cmake-build-debug/CMakeFiles/CMakeTmp»
Building C object CMakeFiles/cmTC_4f227.dir/src.c.o
/usr/bin/gcc   -DCMAKE_HAVE_LIBC_PTHREAD   -o CMakeFiles/cmTC_4f227.dir/src.c.o   -c /home/foxers/CLionProjects/phone/cmake-build-debug/CMakeFiles/CMakeTmp/src.c
Linking C executable cmTC_4f227
/snap/clion/129/bin/cmake/linux/bin/cmake -E cmake_link_script CMakeFiles/cmTC_4f227.dir/link.txt --verbose=1
/usr/bin/gcc  -DCMAKE_HAVE_LIBC_PTHREAD    -rdynamic CMakeFiles/cmTC_4f227.dir/src.c.o  -o cmTC_4f227 
/usr/bin/ld: CMakeFiles/cmTC_4f227.dir/src.c.o: in function `main':
src.c:(.text+0x2f): undefined reference to `pthread_create'
/usr/bin/ld: src.c:(.text+0x3b): undefined reference to `pthread_detach'
/usr/bin/ld: src.c:(.text+0x47): undefined reference to `pthread_cancel'
/usr/bin/ld: src.c:(.text+0x58): undefined reference to `pthread_join'
collect2: error: ld returned 1 exit status
make[1]: *** [CMakeFiles/cmTC_4f227.dir/build.make:107: cmTC_4f227] Ошибка 1
make[1]: выход из каталога «/home/foxers/CLionProjects/phone/cmake-build-debug/CMakeFiles/CMakeTmp»
make: *** [Makefile:141: cmTC_4f227/fast] Ошибка 2


Source file was:
#include <pthread.h>

void* test_func(void* data)
{
  return data;
}

int main(void)
{
  pthread_t thread;
  pthread_create(&thread, NULL, test_func, NULL);
  pthread_detach(thread);
  pthread_cancel(thread);
  pthread_join(thread, NULL);
  pthread_atfork(NULL, NULL, NULL);
  pthread_exit(NULL);

  return 0;
}

Determining if the function pthread_create exists in the pthreads failed with the following output:
Change Dir: /home/foxers/CLionProjects/phone/cmake-build-debug/CMakeFiles/CMakeTmp

Run Build Command(s):make cmTC_04d88/fast && make  -f CMakeFiles/cmTC_04d88.dir/build.make CMakeFiles/cmTC_04d88.dir/build
make[1]: вход в каталог «/home/foxers/CLionProjects/phone/cmake-build-debug/CMakeFiles/CMakeTmp»
Building C object CMakeFiles/cmTC_04d88.dir/CheckFunctionExists.c.o
/usr/bin/gcc   -DCHECK_FUNCTION_EXISTS=pthread_create   -o CMakeFiles/cmTC_04d88.dir/CheckFunctionExists.c.o   -c /snap/clion/129/bin/cmake/linux/share/cmake-3.17/Modules/CheckFunctionExists.c
Linking C executable cmTC_04d88
/snap/clion/129/bin/cmake/linux/bin/cmake -E cmake_link_script CMakeFiles/cmTC_04d88.dir/link.txt --verbose=1
/usr/bin/gcc  -DCHECK_FUNCTION_EXISTS=pthread_create    -rdynamic CMakeFiles/cmTC_04d88.dir/CheckFunctionExists.c.o  -o cmTC_04d88  -lpthreads 
/usr/bin/ld: cannot find -lpthreads
collect2: error: ld returned 1 exit status
make[1]: *** [CMakeFiles/cmTC_04d88.dir/build.make:107: cmTC_04d88] Ошибка 1
make[1]: выход из каталога «/home/foxers/CLionProjects/phone/cmake-build-debug/CMakeFiles/CMakeTmp»
make: *** [Makefile:141: cmTC_04d88/fast] Ошибка 2



